[LOG] System::create                           : Header version = 2.00.08. Current version = 2.00.08.
[LOG] Manager::init                            : maxchannels = 256 studioflags = 00000006 flags 00000000 extradriverdata 0000000000000000.
[LOG] SystemI::init                            : Initialize version=20008 (108014), maxchannels=256, flags=0x00020000
[LOG] SystemI::setOutputInternal               : Setting output to 'FMOD WASAPI Output'
[LOG] OutputWASAPI::init                       : Mix Format (WAVEFORMATEX): wFormatTag=0xFFFE, nChannels=2, nSamplesPerSec=48000, nAvgBytesPerSec=384000, nBlockAlign=8, wBitsPerSample=32, cbSize=22.
[LOG] OutputWASAPI::init                       : Mix Format (WAVEFORMATEXTENSIBLE): wValidBitsPerSample=32, dwChannelMask=0x00000003, SubFormat=00000003-0000-0010-8000-00AA00389B71.
[LOG] OutputWASAPI::init                       : Output buffer size: 4096 samples, latency: 0.00ms, period: 10.00ms, DSP buffer: 1024 * 4
[LOG] Thread::initThread                       : Init FMOD stream thread. Priority: 2, Stack Size: 98304, Semaphore: No, Sleep Time: 10, Looping: Yes.
[LOG] Thread::initThread                       : Init FMOD mixer thread. Priority: 3, Stack Size: 81920, Semaphore: No, Sleep Time: 0, Looping: Yes.
<<<<<<< Updated upstream
[WRN] OutputWASAPI::mixerThread                : Starvation detected in WASAPI output buffer!
[LOG] AsyncManager::init                       : manager 000002DC91BCFFE8 isAsync 0 updatePeriod 0.02
=======
[LOG] AsyncManager::init                       : manager 00000270FF4026D8 isAsync 0 updatePeriod 0.02
>>>>>>> Stashed changes
[LOG] AsyncManager::init                       : done
[LOG] PlaybackSystem::init                     : 
[LOG] Thread::initThread                       : Init FMOD Studio sample load thread. Priority: 0, Stack Size: 98304, Semaphore: No, Sleep Time: 1, Looping: No.
[LOG] PlaybackSystem::init                     : done
[LOG] Thread::initThread                       : Init FMOD Studio bank load thread. Priority: 0, Stack Size: 98304, Semaphore: No, Sleep Time: 1, Looping: No.
[LOG] Manager::init                            : done.
[LOG] Manager::readBank                        : fileversion = 125, compatVersion = 119 (oldest = 44, newest = 125)
[LOG] Manager::readBank                        : fileversion = 125, compatVersion = 119 (oldest = 44, newest = 125)
[LOG] Manager::readBank                        : fileversion = 125, compatVersion = 119 (oldest = 44, newest = 125)
[LOG] Manager::readBank                        : fileversion = 125, compatVersion = 119 (oldest = 44, newest = 125)
[LOG] Manager::readBank                        : fileversion = 125, compatVersion = 119 (oldest = 44, newest = 125)
[LOG] Manager::readBank                        : fileversion = 125, compatVersion = 119 (oldest = 44, newest = 125)
[LOG] SoundI::release                          : Music-Atmosphere (00000270FF03CA38)
[LOG] SoundI::release                          :     Music-Atmosphere (00000270A9423A68)
[LOG] SoundI::release                          :     Music-Atmosphere (00000270FF03B958)
[LOG] SoundI::release                          :  (00000270A11AA208)
[LOG] SoundI::release                          :     MachineGun-SingleShotTail (00000270A9423588)
[LOG] SoundI::release                          :  (00000270A11AA378)
[LOG] SoundI::release                          :     MachineGun-FullAuto3 (00000270A9423DA8)
[LOG] SoundI::release                          :  (00000270FAD1BA98)
[LOG] SoundI::release                          :     Zombie - 48000-001 (000002709D249808)
[LOG] SoundI::release                          :  (00000270A11A9238)
[LOG] SoundI::release                          :     Zombie - 48000-002 (00000270A9422888)
[LOG] SoundI::release                          :  (000002709CC33428)
[LOG] SoundI::release                          :     Zombie - 48000-003 (000002709D2499A8)
[LOG] SoundI::release                          :  (00000270FAD1BC08)
[LOG] SoundI::release                          :     Zombie - 48000-004 (000002709D2482E8)
[LOG] SoundI::release                          :  (000002709CC33148)
[LOG] SoundI::release                          :     Zombie - 48000-005 (000002709D24AEC8)
[LOG] SoundI::release                          :  (000002709CC33878)
[LOG] SoundI::release                          :     Zombie - 48000-007 (000002709D24A368)
[LOG] SoundI::release                          :  (00000270A11A8DE8)
[LOG] SoundI::release                          :     Zombie - 48000-008 (00000270A9423728)
[LOG] SoundI::release                          :  (00000270A11A8F58)
[LOG] SoundI::release                          :     Zombie - 48000-009 (00000270A94238C8)
[LOG] SoundI::release                          :  (000002709CC332B8)
[LOG] SoundI::release                          :     Zombie - 48000-010 (000002709D248148)
[LOG] SoundI::release                          :  (000002709CC339E8)
[LOG] SoundI::release                          :     Zombie - 48000-011 (000002709D248FE8)
[LOG] SoundI::release                          :  (00000270FAD1B648)
[LOG] SoundI::release                          :     Zombie - 48000-012 (00000270A94230A8)
[LOG] SoundI::release                          :  (00000270A9478998)
[LOG] SoundI::release                          :     Zombie - 48000-013 (000002709D248B08)
[LOG] SoundI::release                          :  (00000270FAD1B928)
[LOG] SoundI::release                          :     Zombie - 48000-014 (00000270A941EE08)
[LOG] SoundI::release                          :  (00000270FAD1B7B8)
[LOG] SoundI::release                          :     Zombie - 48000-015 (00000270A9423248)
[LOG] SoundI::release                          :  (000002709CC33598)
[LOG] SoundI::release                          :     Zombie - 48000-016 (000002709D24B208)
[LOG] SoundI::release                          :  (00000270A11A9518)
[LOG] SoundI::release                          :     Zombie - 48000-017 (00000270A9422BC8)
[LOG] SoundI::release                          :  (00000270A11A90C8)
[LOG] SoundI::release                          :     Zombie - 48000-018 (00000270A94233E8)
[LOG] SoundI::release                          :  (00000270FABC65B8)
[LOG] SoundI::release                          :     Zombie - 48000-019 (000002709D247E08)
[LOG] SoundI::release                          :  (00000270FBB5BF78)
[LOG] SoundI::release                          :     Zombie - 48000-020 (000002709D248488)
[LOG] SoundI::release                          :  (00000270FAD1BEE8)
[LOG] SoundI::release                          :     Zombie - 48000-021 (00000270A941EC68)
[LOG] SoundI::release                          :  (00000270A9017518)
[LOG] SoundI::release                          :     Zombie - 48000-022 (00000270A941F148)
[LOG] SoundI::release                          :  (00000270A9021108)
[LOG] SoundI::release                          :     Zombie - 48000 (000002709D248E48)
[LOG] Thread::callback                         : FMOD Studio update thread finished.
[LOG] Thread::callback                         : FMOD Studio bank load thread finished.
[LOG] Profile::disconnectAll                   : Profiler disconnecting all clients
[LOG] Thread::callback                         : FMOD Studio sample load thread finished.
[LOG] LiveUpdate::release                      : 
[LOG] LiveUpdate::reset                        : Reset connection (reason Disconnected)
[LOG] Thread::callback                         : FMOD stream thread finished.
[LOG] Thread::callback                         : FMOD mixer thread finished.
[LOG] Profile::disconnectAll                   : Profiler disconnecting all clients
[LOG] SystemI::close                           : Closed.
[LOG] Manager::readBank                        : fileversion = 125, compatVersion = 119 (oldest = 44, newest = 125)
[LOG] Manager::readBank                        : fileversion = 125, compatVersion = 119 (oldest = 44, newest = 125)
[LOG] Manager::readBank                        : fileversion = 125, compatVersion = 119 (oldest = 44, newest = 125)
[LOG] PlaybackSystem::acquireMasterBus         : Setting master channel group format to 6
[LOG] Manager::readBank                        : fileversion = 125, compatVersion = 119 (oldest = 44, newest = 125)
[LOG] Manager::readBank                        : fileversion = 125, compatVersion = 119 (oldest = 44, newest = 125)
[LOG] Manager::readBank                        : fileversion = 125, compatVersion = 119 (oldest = 44, newest = 125)
